# JRE version: OpenJDK Runtime Environment Corretto-11.0.11.9.1 (11.0.11+9) (build 11.0.11+9-LTS)
# Java VM: OpenJDK 64-Bit Server VM Corretto-11.0.11.9.1 (11.0.11+9-LTS, mixed mode, tiered, compressed oops, g1 gc, windows-amd64)
Heap:
 garbage-first heap   total 262144K, used 190148K [0x00000000e0000000, 0x0000000100000000)
  region size 1024K, 88 young (90112K), 6 survivors (6144K)
 Metaspace       used 89533K, capacity 92746K, committed 93056K, reserved 335872K
  class space    used 11271K, capacity 12351K, committed 12416K, reserved 253952K
GC Heap History (20 events):
Event: 2.642 GC heap before
{Heap before GC invocations=3 (full 0):
 garbage-first heap   total 262144K, used 37745K [0x00000000e0000000, 0x0000000100000000)
  region size 1024K, 32 young (32768K), 11 survivors (11264K)
 Metaspace       used 22564K, capacity 23153K, committed 23296K, reserved 274432K
  class space    used 2861K, capacity 3068K, committed 3072K, reserved 253952K
}
Event: 2.648 GC heap after
{Heap after GC invocations=4 (full 0):
 garbage-first heap   total 262144K, used 17366K [0x00000000e0000000, 0x0000000100000000)
  region size 1024K, 2 young (2048K), 2 survivors (2048K)
 Metaspace       used 22564K, capacity 23153K, committed 23296K, reserved 274432K
  class space    used 2861K, capacity 3068K, committed 3072K, reserved 253952K
}
Event: 3.682 GC heap before
{Heap before GC invocations=4 (full 0):
 garbage-first heap   total 262144K, used 115670K [0x00000000e0000000, 0x0000000100000000)
  region size 1024K, 90 young (92160K), 2 survivors (2048K)
 Metaspace       used 34777K, capacity 35677K, committed 35840K, reserved 286720K
  class space    used 4556K, capacity 4864K, committed 4864K, reserved 253952K
}
Event: 3.692 GC heap after
{Heap after GC invocations=5 (full 0):
 garbage-first heap   total 262144K, used 32365K [0x00000000e0000000, 0x0000000100000000)
  region size 1024K, 7 young (7168K), 7 survivors (7168K)
 Metaspace       used 34777K, capacity 35677K, committed 35840K, reserved 286720K
  class space    used 4556K, capacity 4864K, committed 4864K, reserved 253952K
}
Event: 5.380 GC heap before
{Heap before GC invocations=6 (full 0):
 garbage-first heap   total 262144K, used 194157K [0x00000000e0000000, 0x0000000100000000)
  region size 1024K, 153 young (156672K), 7 survivors (7168K)
 Metaspace       used 49136K, capacity 50480K, committed 50688K, reserved 299008K
  class space    used 6180K, capacity 6613K, committed 6656K, reserved 253952K
}
Event: 5.392 GC heap after
{Heap after GC invocations=7 (full 0):
 garbage-first heap   total 262144K, used 53034K [0x00000000e0000000, 0x0000000100000000)
  region size 1024K, 18 young (18432K), 18 survivors (18432K)
 Metaspace       used 49136K, capacity 50480K, committed 50688K, reserved 299008K
  class space    used 6180K, capacity 6613K, committed 6656K, reserved 253952K
}
Event: 6.591 GC heap before
{Heap before GC invocations=7 (full 0):
 garbage-first heap   total 262144K, used 189226K [0x00000000e0000000, 0x0000000100000000)
  region size 1024K, 151 young (154624K), 18 survivors (18432K)
 Metaspace       used 56977K, capacity 58659K, committed 59008K, reserved 305152K
  class space    used 7334K, capacity 7945K, committed 8064K, reserved 253952K
}
Event: 6.609 GC heap after
{Heap after GC invocations=8 (full 0):
 garbage-first heap   total 262144K, used 62739K [0x00000000e0000000, 0x0000000100000000)
  region size 1024K, 10 young (10240K), 10 survivors (10240K)
 Metaspace       used 56977K, capacity 58659K, committed 59008K, reserved 305152K
  class space    used 7334K, capacity 7945K, committed 8064K, reserved 253952K
}
Event: 6.743 GC heap before
{Heap before GC invocations=8 (full 0):
 garbage-first heap   total 262144K, used 80147K [0x00000000e0000000, 0x0000000100000000)
  region size 1024K, 20 young (20480K), 10 survivors (10240K)
 Metaspace       used 57976K, capacity 59742K, committed 59904K, reserved 307200K
  class space    used 7456K, capacity 8070K, committed 8192K, reserved 253952K
}
Event: 6.751 GC heap after
{Heap after GC invocations=9 (full 0):
 garbage-first heap   total 262144K, used 74553K [0x00000000e0000000, 0x0000000100000000)
  region size 1024K, 13 young (13312K), 13 survivors (13312K)
 Metaspace       used 57976K, capacity 59742K, committed 59904K, reserved 307200K
  class space    used 7456K, capacity 8070K, committed 8192K, reserved 253952K
}
Event: 7.735 GC heap before
{Heap before GC invocations=10 (full 0):
 garbage-first heap   total 262144K, used 184121K [0x00000000e0000000, 0x0000000100000000)
  region size 1024K, 120 young (122880K), 13 survivors (13312K)
 Metaspace       used 64520K, capacity 66516K, committed 66688K, reserved 313344K
  class space    used 8367K, capacity 9045K, committed 9088K, reserved 253952K
}
Event: 7.747 GC heap after
{Heap after GC invocations=11 (full 0):
 garbage-first heap   total 262144K, used 82291K [0x00000000e0000000, 0x0000000100000000)
  region size 1024K, 11 young (11264K), 11 survivors (11264K)
 Metaspace       used 64520K, capacity 66516K, committed 66688K, reserved 313344K
  class space    used 8367K, capacity 9045K, committed 9088K, reserved 253952K
}
Event: 105.688 GC heap before
{Heap before GC invocations=11 (full 0):
 garbage-first heap   total 262144K, used 190835K [0x00000000e0000000, 0x0000000100000000)
  region size 1024K, 118 young (120832K), 11 survivors (11264K)
 Metaspace       used 76736K, capacity 79296K, committed 79488K, reserved 323584K
  class space    used 9900K, capacity 10765K, committed 10880K, reserved 253952K
}
Event: 105.701 GC heap after
{Heap after GC invocations=12 (full 0):
 garbage-first heap   total 262144K, used 90848K [0x00000000e0000000, 0x0000000100000000)
  region size 1024K, 15 young (15360K), 15 survivors (15360K)
 Metaspace       used 76736K, capacity 79296K, committed 79488K, reserved 323584K
  class space    used 9900K, capacity 10765K, committed 10880K, reserved 253952K
}
Event: 107.013 GC heap before
{Heap before GC invocations=12 (full 0):
 garbage-first heap   total 262144K, used 196320K [0x00000000e0000000, 0x0000000100000000)
  region size 1024K, 119 young (121856K), 15 survivors (15360K)
 Metaspace       used 84074K, capacity 86934K, committed 87040K, reserved 329728K
  class space    used 10722K, capacity 11718K, committed 11776K, reserved 253952K
}
Event: 107.031 GC heap after
{Heap after GC invocations=13 (full 0):
 garbage-first heap   total 262144K, used 102400K [0x00000000e0000000, 0x0000000100000000)
  region size 1024K, 12 young (12288K), 12 survivors (12288K)
 Metaspace       used 84074K, capacity 86934K, committed 87040K, reserved 329728K
  class space    used 10722K, capacity 11718K, committed 11776K, reserved 253952K
}
Event: 107.294 GC heap before
{Heap before GC invocations=13 (full 0):
 garbage-first heap   total 262144K, used 199680K [0x00000000e0000000, 0x0000000100000000)
  region size 1024K, 108 young (110592K), 12 survivors (12288K)
 Metaspace       used 84113K, capacity 86934K, committed 87040K, reserved 329728K
  class space    used 10727K, capacity 11718K, committed 11776K, reserved 253952K
}
Event: 107.302 GC heap after
{Heap after GC invocations=14 (full 0):
 garbage-first heap   total 262144K, used 104074K [0x00000000e0000000, 0x0000000100000000)
  region size 1024K, 2 young (2048K), 2 survivors (2048K)
 Metaspace       used 84113K, capacity 86934K, committed 87040K, reserved 329728K
  class space    used 10727K, capacity 11718K, committed 11776K, reserved 253952K
}
Event: 135.318 GC heap before
{Heap before GC invocations=14 (full 0):
 garbage-first heap   total 262144K, used 205450K [0x00000000e0000000, 0x0000000100000000)
  region size 1024K, 102 young (104448K), 2 survivors (2048K)
 Metaspace       used 88831K, capacity 91938K, committed 92160K, reserved 333824K
  class space    used 11197K, capacity 12273K, committed 12288K, reserved 253952K
}
Event: 135.324 GC heap after
{Heap after GC invocations=15 (full 0):
 garbage-first heap   total 262144K, used 107204K [0x00000000e0000000, 0x0000000100000000)
  region size 1024K, 6 young (6144K), 6 survivors (6144K)
 Metaspace       used 88831K, capacity 91938K, committed 92160K, reserved 333824K
  class space    used 11197K, capacity 12273K, committed 12288K, reserved 253952K
}

